     1                                  ; hello.asm
     2                                  SECTION .data                     ; Начало секции данных
     3 00000000 48656C6C6F20776F72-         hello:DB    'Hello world!',10 ; 'Hello world!' плюс
     3 00000009 6C64210A           
     4                                                                    ; символ перевода строки
     5                                      helloLen:   EQU $-hello       ; Длина строки hello
     6                                  
     7                                  SECTION .text        ; Начало секции кода
     8                                      GLOBAL _start
     9                                  
    10                                  
    11                                  _start:              ; Точка входа в программу
    12 00000000 B804000000                  mov eax,4        ; Системный вызов для записи (sys_write)
    13 00000005 BB01000000                  mov ebx,1        ; Описатель файла '1' - стандартный вывод
    14 0000000A B9[00000000]                mov ecx,hello    ; Адрес строки hello в ecx
    15 0000000F BA0D000000                  mov edx,helloLen ; Размер строки hello
    16 00000014 CD80                        int 80h          ; Вызов ядра
    17                                  
    18                                  
    19 00000016 B801000000                  mov eax,1        ; Системный вызов для выхода (sys_exit)
    20 0000001B BB00000000                  mov ebx,0        ; Выход с кодом возврата '0' (без ошибок)
    21 00000020 CD80                        int 80h          ; Вызов ядра
